2023-12-07 11:33:40: -- Analysis Started by User Command
2023-12-07 11:33:40: L: Reading State File D:/Github/Macca-Cherno-Server/Profiles/_gsdata_/_file_state_v4._gs
2023-12-07 11:33:40: L: State file does not exist: D:/Github/Macca-Cherno-Server/Profiles/_gsdata_/_file_state_v4._gs
2023-12-07 11:33:40: R: Reading State File //51.161.199.40/servers/expansion-chernarusplus/profiles/_gsdata_/_file_state_v4._gs
2023-12-07 11:33:48: /ExpansionMod/Settings/AirdropSettings.json: Conflict: New files that differ
2023-12-07 11:33:48: /ExpansionMod/Settings/BookSettings.json: Conflict: New files that differ
2023-12-07 11:33:48: /ExpansionMod/Settings/DamageSystemSettings.json: Conflict: New files that differ
2023-12-07 11:33:48: /ExpansionMod/Settings/DebugSettings.json: Conflict: New files that differ
2023-12-07 11:33:48: /ExpansionMod/Settings/GarageSettings.json: Conflict: New files that differ
2023-12-07 11:33:48: /ExpansionMod/Settings/GeneralSettings.json: Conflict: New files that differ
2023-12-07 11:33:48: /ExpansionMod/Settings/MonitoringSettings.json: Conflict: New files that differ
2023-12-07 11:33:48: /ExpansionMod/Settings/NameTagsSettings.json: Conflict: New files that differ
2023-12-07 11:33:48: /ExpansionMod/Settings/NotificationSchedulerSettings.json: Conflict: New files that differ
2023-12-07 11:33:48: /ExpansionMod/Settings/NotificationSettings.json: Conflict: New files that differ
2023-12-07 11:33:48: /ExpansionMod/Settings/PersonalStorageNewSettings.json: Conflict: New files that differ
2023-12-07 11:33:48: /ExpansionMod/Settings/PlayerListSettings.json: Conflict: New files that differ
2023-12-07 11:33:48: /ExpansionMod/Settings/Raidsettings.json: Conflict: New files that differ
2023-12-07 11:33:48: /ExpansionMod/Settings/SocialMediaSettings.json: Conflict: New files that differ
2023-12-07 11:33:48: /ExpansionMod/Settings/TerritorySettings.json: Conflict: New files that differ
2023-12-07 11:33:48: /ExpansionMod/Settings/VehicleSettings.json: Conflict: New files that differ
2023-12-07 11:33:48: Analyze has finished with Conflicts. Resolve Conflicts by selecting the correct sync direction, then click Sync
2023-12-07 11:33:48: Changes: 706, Conflicts: 16, CopyTime: 0, FixState: 167, Errors: 0, All: 2209
2023-12-07 11:33:48: Left to Right: Copy File: 3 
2023-12-07 11:33:48: Right to Left: Copy File: 687 
2023-12-07 11:33:48: -- Analysis Complete. Time 00:00:09, Speed: 209 files/s
